<?xml version="1.0" encoding="UTF-8"?>
<!-- Generated by org.testng.reporters.JUnitReportReporter -->
<testsuite hostname="Naman" failures="0" tests="2" name="com.testcases.HomePageTest" time="18.415" errors="0" timestamp="2024-09-22T01:46:28 IST" skipped="0">
  <testcase classname="com.testcases.HomePageTest" name="verifygetAppHomeTitle" time="7.644"/>
  <system-out/>
  <testcase classname="com.testcases.HomePageTest" name="verifylinkScheduleYourDemo" time="10.771"/>
  <system-out/>
</testsuite> <!-- com.testcases.HomePageTest -->
