<?xml version="1.0" encoding="UTF-8"?>
<!-- Generated by org.testng.reporters.JUnitReportReporter -->
<testsuite hostname="Naman" failures="0" tests="1" name="com.testcases.ScheduleYourDemopageTest" time="13.004" errors="0" timestamp="2024-09-22T01:51:56 IST" skipped="0">
  <testcase classname="com.testcases.ScheduleYourDemopageTest" name="scheduleYourDemopage" time="13.004"/>
  <system-out/>
</testsuite> <!-- com.testcases.ScheduleYourDemopageTest -->
